[codewithsadee.github.io/filmlane/index.html]
[backblue.gif]
[fade.gif]
[index.html]
[codewithsadee.github.io/filmlane/favicon.svg]
[codewithsadee.github.io/filmlane/assets/css/style.css]
[codewithsadee.github.io/filmlane/index-2.html]
[codewithsadee.github.io/filmlane/assets/images/logo.svg]
[codewithsadee.github.io/filmlane/movie-details.html]
[codewithsadee.github.io/filmlane/assets/images/upcoming-1.png]
[codewithsadee.github.io/filmlane/assets/images/upcoming-2.png]
[codewithsadee.github.io/filmlane/assets/images/upcoming-3.png]
[codewithsadee.github.io/filmlane/assets/images/upcoming-4.png]
[codewithsadee.github.io/filmlane/assets/images/service-banner.jpg]
[codewithsadee.github.io/filmlane/assets/images/movie-1.png]
[codewithsadee.github.io/filmlane/assets/images/movie-2.png]
[codewithsadee.github.io/filmlane/assets/images/movie-3.png]
[codewithsadee.github.io/filmlane/assets/images/movie-4.png]
[codewithsadee.github.io/filmlane/assets/images/movie-5.png]
[codewithsadee.github.io/filmlane/assets/images/movie-6.png]
[codewithsadee.github.io/filmlane/assets/images/movie-7.png]
[codewithsadee.github.io/filmlane/assets/images/movie-8.png]
[codewithsadee.github.io/filmlane/assets/images/series-1.png]
[codewithsadee.github.io/filmlane/assets/images/series-2.png]
[codewithsadee.github.io/filmlane/assets/images/series-3.png]
[codewithsadee.github.io/filmlane/assets/images/series-4.png]
[codewithsadee.github.io/filmlane/assets/images/footer-bottom-img.png]
[codewithsadee.github.io/filmlane/assets/js/script.js]
[unpkg.com/ionicons@5.5.2/dist/ionicons/ionicons.esm.js]
[codewithsadee.github.io/filmlane/index.html]
[codewithsadee.github.io/filmlane/favicon.svg]
[unpkg.com/ionicons@5.5.2/dist/ionicons/ionicons.js]
[codewithsadee.github.io/filmlane/assets/images/hero-bg.jpg]
[codewithsadee.github.io/filmlane/assets/images/upcoming-bg.png]
[codewithsadee.github.io/filmlane/assets/images/service-bg.jpg]
[codewithsadee.github.io/filmlane/assets/images/top-rated-bg.jpg]
[codewithsadee.github.io/filmlane/assets/images/tv-series-bg.jpg]
[codewithsadee.github.io/filmlane/assets/images/cta-bg.jpg]
[codewithsadee.github.io/filmlane/assets/images/footer-bg.jpg]
[codewithsadee.github.io/filmlane/assets/images/movie-detail-bg.png]
[codewithsadee.github.io/filmlane/assets/css/style.css]
[codewithsadee.github.io/filmlane/index-2.html]
[codewithsadee.github.io/filmlane/assets/images/logo.svg]
[codewithsadee.github.io/filmlane/movie-details.html]
